<?xml version="1.0" encoding="UTF-8"?>
<!-- Generated by org.testng.reporters.JUnitReportReporter -->
<testsuite hostname="LAPTOP-EJFCTJVO" failures="0" tests="1" name="annotations.Testng_annot" time="0.009" errors="0" timestamp="2022-04-02T11:21:42 IST" skipped="0">
  <testcase classname="annotations.Testng_annot" name="f" time="0.009"/>
  <system-out/>
</testsuite> <!-- annotations.Testng_annot -->
