<?xml version="1.0" encoding="UTF-8"?>
<!-- Generated by org.testng.reporters.JUnitReportReporter -->
<testsuite hostname="LAPTOP-EJFCTJVO" failures="0" tests="1" name="new1.NewTest" time="7.085" errors="0" timestamp="2022-04-03T10:47:27 IST" skipped="0">
  <testcase classname="new1.NewTest" name="f" time="7.085"/>
  <system-out/>
</testsuite> <!-- new1.NewTest -->
