<?xml version="1.0" encoding="UTF-8"?>
<!-- Generated by org.testng.reporters.JUnitReportReporter -->
<testsuite hostname="LAPTOP-EJFCTJVO" failures="0" tests="1" name="test_layer.Test_class" time="19.769" errors="0" timestamp="2022-04-09T12:28:18 IST" skipped="0">
  <testcase classname="test_layer.Test_class" name="init" time="19.769"/>
  <system-out/>
</testsuite> <!-- test_layer.Test_class -->
